<?xml version="1.0" encoding="UTF-8"?>
<!-- Generated by org.testng.reporters.JUnitXMLReporter -->
<testsuite ignored="3" hostname="PC1" failures="0" tests="1" name="Test" time="0.039" errors="0" timestamp="2022-08-10T08:02:22 IST">
  <testcase classname="TestNG.demo22" name="xyz" time="0.006"/>
  <testcase classname="TestNG.demo22" name="pune" time="0.0">
    <ignored/>
  </testcase> <!-- pune -->
  <testcase classname="TestNG.demo22" name="abc" time="0.0">
    <ignored/>
  </testcase> <!-- abc -->
  <testcase classname="TestNG.demo22" name="mumbai" time="0.0">
    <ignored/>
  </testcase> <!-- mumbai -->
</testsuite> <!-- Test -->
